<?xml version="1.0" encoding="UTF-8"?>
<!-- Generated by org.testng.reporters.JUnitReportReporter -->
<testsuite hostname="DESKTOP-GH6L59N" failures="0" tests="2" name="tests.ProductsTest" time="1.622" errors="0" timestamp="2024-04-25T19:50:31 IDT" skipped="0">
  <testcase classname="tests.ProductsTest" name="tc01_addproduct" time="0.700"/>
  <system-out/>
  <testcase classname="tests.ProductsTest" name="tc02_remove" time="0.922"/>
  <system-out/>
</testsuite> <!-- tests.ProductsTest -->
