<?xml version="1.0" encoding="UTF-8"?>
<!-- Generated by org.testng.reporters.JUnitReportReporter -->
<testsuite hostname="DESKTOP-GH6L59N" failures="0" tests="3" name="tests.LoginTest" time="4.585" errors="0" timestamp="2024-04-25T19:52:39 IDT" skipped="0">
  <testcase classname="tests.LoginTest" name="tc03_logout" time="1.867"/>
  <system-out/>
  <testcase classname="tests.LoginTest" name="tc01_loginfailed" time="1.442"/>
  <system-out/>
  <testcase classname="tests.LoginTest" name="tc02_loginpassed" time="1.276"/>
  <system-out/>
</testsuite> <!-- tests.LoginTest -->
